


ARM Macro Assembler    Page 1 


    1 00000000         ; ------------------------------------------------------
                       ------------
    2 00000000         ; --  _____       ______  _____                         
                                  -
    3 00000000         ; -- |_   _|     |  ____|/ ____|                        
                                  -
    4 00000000         ; --   | |  _ __ | |__  | (___    Institute of Embedded 
                       Systems    -
    5 00000000         ; --   | | | '_ \|  __|  \___ \   Zurich University of  
                                  -
    6 00000000         ; --  _| |_| | | | |____ ____) |  Applied Sciences      
                                  -
    7 00000000         ; -- |_____|_| |_|______|_____/   8401 Winterthur, Switz
                       erland     -
    8 00000000         ; ------------------------------------------------------
                       ------------
    9 00000000         ; --
   10 00000000         ; -- table.s
   11 00000000         ; --
   12 00000000         ; -- CT1 P04 Ein- und Ausgabe von Tabellenwerten
   13 00000000         ; --
   14 00000000         ; -- $Id: table.s 800 2014-10-06 13:19:25Z ruan $
   15 00000000         ; ------------------------------------------------------
                       ------------
   16 00000000         ;Directives
   17 00000000                 PRESERVE8
   18 00000000                 THUMB
   19 00000000         ; ------------------------------------------------------
                       ------------
   20 00000000         ; -- Symbolic Literals
   21 00000000         ; ------------------------------------------------------
                       ------------
   22 00000000 60000200 
                       ADDR_DIP_SWITCH_7_0
                               EQU              0x60000200
   23 00000000 60000201 
                       ADDR_DIP_SWITCH_15_8
                               EQU              0x60000201
   24 00000000 60000203 
                       ADDR_DIP_SWITCH_31_24
                               EQU              0x60000203
   25 00000000 60000100 
                       ADDR_LED_7_0
                               EQU              0x60000100
   26 00000000 60000101 
                       ADDR_LED_15_8
                               EQU              0x60000101
   27 00000000 60000102 
                       ADDR_LED_23_16
                               EQU              0x60000102
   28 00000000 60000103 
                       ADDR_LED_31_24
                               EQU              0x60000103
   29 00000000 60000210 
                       ADDR_BUTTONS
                               EQU              0x60000210
   30 00000000         
   31 00000000 00000001 
                       BITMASK_KEY_T0



ARM Macro Assembler    Page 2 


                               EQU              0x01
   32 00000000 0000000F 
                       BITMASK_LOWER_NIBBLE
                               EQU              0x0F
   33 00000000         
   34 00000000         ; ------------------------------------------------------
                       ------------
   35 00000000         ; -- Variables
   36 00000000         ; ------------------------------------------------------
                       ------------
   37 00000000                 AREA             MyAsmVar, DATA, READWRITE
   38 00000000 00 00 00 
              00 00 00 
              00 00 00 
              00 00 00 
              00 00 00 
              00       byte_array
                               SPACE            16          ;byte array for val
                                                            ues
   39 00000010         
   40 00000010         
   41 00000010         
   42 00000010         
   43 00000010         ; END: To be programmed
   44 00000010                 ALIGN
   45 00000010         
   46 00000010         ; ------------------------------------------------------
                       ------------
   47 00000010         ; -- myCode
   48 00000010         ; ------------------------------------------------------
                       ------------
   49 00000010                 AREA             myCode, CODE, READONLY
   50 00000000         
   51 00000000         main    PROC
   52 00000000                 EXPORT           main
   53 00000000         
   54 00000000         readInput
   55 00000000 F000 F816       BL               waitForKey  ; wait for key to b
                                                            e pressed and relea
                                                            sed
   56 00000004 4F10            LDR              R7, =BITMASK_LOWER_NIBBLE ;
   57 00000006 4811            LDR              R0, =ADDR_DIP_SWITCH_7_0
   58 00000008 4911            LDR              R1, =ADDR_DIP_SWITCH_15_8
   59 0000000A 7802            LDRB             R2, [R0]    ;  ;value from dip_
                                                            switch 0-7
   60 0000000C 780B            LDRB             R3, [R1]    ;  ;value from dip_
                                                            switch 8-15
   61 0000000E 403B            ANDS             R3, R3, R7  ;  ;value from dip_
                                                            switch 8-15 & 0x0F 
                                                            (lower 4 bits)
   62 00000010         
   63 00000010 4C10            LDR              R4, =ADDR_LED_7_0 ; ;load addre
                                                            ss from led 7-0 to 
                                                            reg4
   64 00000012 4D11            LDR              R5, =ADDR_LED_15_8 ; ;load addr
                                                            ess from led 15-8 t
                                                            o reg5
   65 00000014 7022            STRB             R2, [R4]    ;  ;write value fro
                                                            m dip_switch 0-7 to



ARM Macro Assembler    Page 3 


                                                             address from led 7
                                                            -0
   66 00000016 702B            STRB             R3, [R5]    ;  ;write value fro
                                                            m dip_switch 8-15 t
                                                            o address from led 
                                                            15-8
   67 00000018         
   68 00000018 4810            LDR              R0, =byte_array ; ;reassign reg
                                                            0 with address of b
                                                            yte_array
   69 0000001A 54C2            STRB             R2, [R0, R3] ;  ;write valoe fr
                                                            om dip_switch 0-7 t
                                                            o byte_array with o
                                                            ffset of index(valu
                                                            e)
   70 0000001C         
   71 0000001C 4910            LDR              R1, =ADDR_DIP_SWITCH_31_24
   72 0000001E 4A11            LDR              R2, =ADDR_LED_31_24
   73 00000020 780B            LDRB             R3, [R1]
   74 00000022 403B            ANDS             R3, R3, R7
   75 00000024 7013            STRB             R3, [R2]
   76 00000026         
   77 00000026 4C10            LDR              R4, =ADDR_LED_23_16
   78 00000028 58C5            LDR              R5, [R0, R3]
   79 0000002A 7025            STRB             R5, [R4]
   80 0000002C         
   81 0000002C         
   82 0000002C         ; END: To be programmed
   83 0000002C E7E8            B                readInput
   84 0000002E 00 00           ALIGN
   85 00000030         
   86 00000030         ; ------------------------------------------------------
                       ------------
   87 00000030         ; Subroutines
   88 00000030         ; ------------------------------------------------------
                       ------------
   89 00000030         
   90 00000030         ; wait for key to be pressed and released
   91 00000030         waitForKey
   92 00000030 B407            PUSH             {R0, R1, R2}
   93 00000032 490E            LDR              R1, =ADDR_BUTTONS ; laod base a
                                                            ddress of keys
   94 00000034 4A0E            LDR              R2, =BITMASK_KEY_T0 
                                                            ; load key mask T0
   95 00000036         
   96 00000036         waitForPress
   97 00000036 7808            LDRB             R0, [R1]    ; load key values
   98 00000038 4210            TST              R0, R2      ; check, if key T0 
                                                            is pressed
   99 0000003A D0FC            BEQ              waitForPress
  100 0000003C         
  101 0000003C         waitForRelease
  102 0000003C 7808            LDRB             R0, [R1]    ; load key values
  103 0000003E 4210            TST              R0, R2      ; check, if key T0 
                                                            is released
  104 00000040 D1FC            BNE              waitForRelease
  105 00000042         
  106 00000042 BC07            POP              {R0, R1, R2}
  107 00000044 4770            BX               LR



ARM Macro Assembler    Page 4 


  108 00000046 00 00           ALIGN
  109 00000048         
  110 00000048         ; ------------------------------------------------------
                       ------------
  111 00000048         ; End of code
  112 00000048         ; ------------------------------------------------------
                       ------------
  113 00000048                 ENDP
  114 00000048                 END
              0000000F 
              60000200 
              60000201 
              60000100 
              60000101 
              00000000 
              60000203 
              60000103 
              60000102 
              60000210 
              00000001 
Command Line: --debug --xref --diag_suppress=9931 --cpu=Cortex-M0 --apcs=interw
ork --depend=.\build\table.d -o.\build\table.o -I.\RTE\_Target_1 -IC:\Keil_v5\A
RM\PACK\InES\CTBoard14_DFP\4.0.2\Device\Include -IC:\Keil_v5\ARM\PACK\InES\CTBo
ard14_DFP\4.0.2\Device\Include\m0 -IC:\Keil_v5\ARM\PACK\InES\CTBoard14_DFP\4.0.
2\HAL\Include -IC:\Keil_v5\ARM\CMSIS\Include --predefine="__EVAL SETA 1" --pred
efine="__UVISION_VERSION SETA 526" --predefine="_RTE_ SETA 1" --list=.\build\ta
ble.lst app\table.s



ARM Macro Assembler    Page 1 Alphabetic symbol ordering
Relocatable symbols

MyAsmVar 00000000

Symbol: MyAsmVar
   Definitions
      At line 37 in file app\table.s
   Uses
      None
Comment: MyAsmVar unused
byte_array 00000000

Symbol: byte_array
   Definitions
      At line 38 in file app\table.s
   Uses
      At line 68 in file app\table.s
Comment: byte_array used once
2 symbols



ARM Macro Assembler    Page 1 Alphabetic symbol ordering
Relocatable symbols

main 00000000

Symbol: main
   Definitions
      At line 51 in file app\table.s
   Uses
      At line 52 in file app\table.s
Comment: main used once
myCode 00000000

Symbol: myCode
   Definitions
      At line 49 in file app\table.s
   Uses
      None
Comment: myCode unused
readInput 00000000

Symbol: readInput
   Definitions
      At line 54 in file app\table.s
   Uses
      At line 83 in file app\table.s
Comment: readInput used once
waitForKey 00000030

Symbol: waitForKey
   Definitions
      At line 91 in file app\table.s
   Uses
      At line 55 in file app\table.s
Comment: waitForKey used once
waitForPress 00000036

Symbol: waitForPress
   Definitions
      At line 96 in file app\table.s
   Uses
      At line 99 in file app\table.s
Comment: waitForPress used once
waitForRelease 0000003C

Symbol: waitForRelease
   Definitions
      At line 101 in file app\table.s
   Uses
      At line 104 in file app\table.s
Comment: waitForRelease used once
6 symbols



ARM Macro Assembler    Page 1 Alphabetic symbol ordering
Absolute symbols

ADDR_BUTTONS 60000210

Symbol: ADDR_BUTTONS
   Definitions
      At line 29 in file app\table.s
   Uses
      At line 93 in file app\table.s
Comment: ADDR_BUTTONS used once
ADDR_DIP_SWITCH_15_8 60000201

Symbol: ADDR_DIP_SWITCH_15_8
   Definitions
      At line 23 in file app\table.s
   Uses
      At line 58 in file app\table.s
Comment: ADDR_DIP_SWITCH_15_8 used once
ADDR_DIP_SWITCH_31_24 60000203

Symbol: ADDR_DIP_SWITCH_31_24
   Definitions
      At line 24 in file app\table.s
   Uses
      At line 71 in file app\table.s
Comment: ADDR_DIP_SWITCH_31_24 used once
ADDR_DIP_SWITCH_7_0 60000200

Symbol: ADDR_DIP_SWITCH_7_0
   Definitions
      At line 22 in file app\table.s
   Uses
      At line 57 in file app\table.s
Comment: ADDR_DIP_SWITCH_7_0 used once
ADDR_LED_15_8 60000101

Symbol: ADDR_LED_15_8
   Definitions
      At line 26 in file app\table.s
   Uses
      At line 64 in file app\table.s
Comment: ADDR_LED_15_8 used once
ADDR_LED_23_16 60000102

Symbol: ADDR_LED_23_16
   Definitions
      At line 27 in file app\table.s
   Uses
      At line 77 in file app\table.s
Comment: ADDR_LED_23_16 used once
ADDR_LED_31_24 60000103

Symbol: ADDR_LED_31_24
   Definitions
      At line 28 in file app\table.s
   Uses
      At line 72 in file app\table.s
Comment: ADDR_LED_31_24 used once
ADDR_LED_7_0 60000100

Symbol: ADDR_LED_7_0



ARM Macro Assembler    Page 2 Alphabetic symbol ordering
Absolute symbols

   Definitions
      At line 25 in file app\table.s
   Uses
      At line 63 in file app\table.s
Comment: ADDR_LED_7_0 used once
BITMASK_KEY_T0 00000001

Symbol: BITMASK_KEY_T0
   Definitions
      At line 31 in file app\table.s
   Uses
      At line 94 in file app\table.s
Comment: BITMASK_KEY_T0 used once
BITMASK_LOWER_NIBBLE 0000000F

Symbol: BITMASK_LOWER_NIBBLE
   Definitions
      At line 32 in file app\table.s
   Uses
      At line 56 in file app\table.s
Comment: BITMASK_LOWER_NIBBLE used once
10 symbols
353 symbols in table
